Using pre-set license
Built from '2022.3/staging' branch; Version is '2022.3.47f1 (88c277b85d21) revision 8962679'; Using compiler version '192829333'; Build Type 'Release'
OS: 'Windows 11  (10.0.22631) 64bit Professional' Language: 'en' Physical Memory: 16253 MB
BatchMode: 1, IsHumanControllingUs: 0, StartBugReporterOnCrash: 0, Is64bit: 1, IsPro: 1

COMMAND LINE ARGUMENTS:
D:\Unity\2022.3.47f1\Editor\Unity.exe
-adb2
-batchMode
-noUpm
-name
AssetImportWorker2
-projectPath
D:/Games/Assignment and waterfall
-logFile
Logs/AssetImportWorker2.log
-srvPort
50595
Successfully changed project path to: D:/Games/Assignment and waterfall
D:/Games/Assignment and waterfall
[UnityMemory] Configuration Parameters - Can be set up in boot.config
    "memorysetup-bucket-allocator-granularity=16"
    "memorysetup-bucket-allocator-bucket-count=8"
    "memorysetup-bucket-allocator-block-size=33554432"
    "memorysetup-bucket-allocator-block-count=8"
    "memorysetup-main-allocator-block-size=16777216"
    "memorysetup-thread-allocator-block-size=16777216"
    "memorysetup-gfx-main-allocator-block-size=16777216"
    "memorysetup-gfx-thread-allocator-block-size=16777216"
    "memorysetup-cache-allocator-block-size=4194304"
    "memorysetup-typetree-allocator-block-size=2097152"
    "memorysetup-profiler-bucket-allocator-granularity=16"
    "memorysetup-profiler-bucket-allocator-bucket-count=8"
    "memorysetup-profiler-bucket-allocator-block-size=33554432"
    "memorysetup-profiler-bucket-allocator-block-count=8"
    "memorysetup-profiler-allocator-block-size=16777216"
    "memorysetup-profiler-editor-allocator-block-size=1048576"
    "memorysetup-temp-allocator-size-main=16777216"
    "memorysetup-job-temp-allocator-block-size=2097152"
    "memorysetup-job-temp-allocator-block-size-background=1048576"
    "memorysetup-job-temp-allocator-reduction-small-platforms=262144"
    "memorysetup-allocator-temp-initial-block-size-main=262144"
    "memorysetup-allocator-temp-initial-block-size-worker=262144"
    "memorysetup-temp-allocator-size-background-worker=32768"
    "memorysetup-temp-allocator-size-job-worker=262144"
    "memorysetup-temp-allocator-size-preload-manager=33554432"
    "memorysetup-temp-allocator-size-nav-mesh-worker=65536"
    "memorysetup-temp-allocator-size-audio-worker=65536"
    "memorysetup-temp-allocator-size-cloud-worker=32768"
    "memorysetup-temp-allocator-size-gi-baking-worker=262144"
    "memorysetup-temp-allocator-size-gfx=262144"
Player connection [12100]  Target information:

Player connection [12100]  * "[IP] 192.168.1.10 [Port] 0 [Flags] 2 [Guid] 1692523364 [EditorId] 1692523364 [Version] 1048832 [Id] WindowsEditor(7,lolpanda) [Debug] 1 [PackageName] WindowsEditor [ProjectName] Editor" 

Player connection [12100]  * "[IP] 192.168.86.1 [Port] 0 [Flags] 2 [Guid] 1692523364 [EditorId] 1692523364 [Version] 1048832 [Id] WindowsEditor(7,lolpanda) [Debug] 1 [PackageName] WindowsEditor [ProjectName] Editor" 

Player connection [12100]  * "[IP] 192.168.238.1 [Port] 0 [Flags] 2 [Guid] 1692523364 [EditorId] 1692523364 [Version] 1048832 [Id] WindowsEditor(7,lolpanda) [Debug] 1 [PackageName] WindowsEditor [ProjectName] Editor" 

Player connection [12100] Host joined multi-casting on [225.0.0.222:54997]...
Player connection [12100] Host joined alternative multi-casting on [225.0.0.222:34997]...
[PhysX] Initialized MultithreadedTaskDispatcher with 12 workers.
Refreshing native plugins compatible for Editor in 14.39 ms, found 6 plugins.
Preloading 0 native plugins for Editor in 0.00 ms.
Initialize engine version: 2022.3.47f1 (88c277b85d21)
[Subsystems] Discovering subsystems at path D:/Unity/2022.3.47f1/Editor/Data/Resources/UnitySubsystems
[Subsystems] Discovering subsystems at path D:/Games/Assignment and waterfall/Assets
GfxDevice: creating device client; threaded=0; jobified=0
Direct3D:
    Version:  Direct3D 11.0 [level 11.0]
    Renderer: NVIDIA GeForce GT 730 (ID=0x1287)
    Vendor:   NVIDIA
    VRAM:     2007 MB
    Driver:   30.0.14.7212
Initialize mono
Mono path[0] = 'D:/Unity/2022.3.47f1/Editor/Data/Managed'
Mono path[1] = 'D:/Unity/2022.3.47f1/Editor/Data/MonoBleedingEdge/lib/mono/unityjit-win32'
Mono config path = 'D:/Unity/2022.3.47f1/Editor/Data/MonoBleedingEdge/etc'
Using monoOptions --debugger-agent=transport=dt_socket,embedding=1,server=y,suspend=n,address=127.0.0.1:56500
Begin MonoManager ReloadAssembly
Registering precompiled unity dll's ...
Register platform support module: D:/Unity/2022.3.47f1/Editor/Data/PlaybackEngines/WebGLSupport/UnityEditor.WebGL.Extensions.dll
Register platform support module: D:/Unity/2022.3.47f1/Editor/Data/PlaybackEngines/AndroidPlayer/UnityEditor.Android.Extensions.dll
Register platform support module: D:/Unity/2022.3.47f1/Editor/Data/PlaybackEngines/WindowsStandaloneSupport/UnityEditor.WindowsStandalone.Extensions.dll
Registered in 0.003658 seconds.
- Loaded All Assemblies, in  0.322 seconds
Native extension for WindowsStandalone target not found
Native extension for Android target not found
Android Extension - Scanning For ADB Devices 211 ms
Native extension for WebGL target not found
Mono: successfully reloaded assembly
- Finished resetting the current domain, in  0.494 seconds
Domain Reload Profiling: 816ms
	BeginReloadAssembly (91ms)
		ExecutionOrderSort (0ms)
		DisableScriptedObjects (0ms)
		BackupInstance (0ms)
		ReleaseScriptingObjects (0ms)
		CreateAndSetChildDomain (1ms)
	RebuildCommonClasses (31ms)
	RebuildNativeTypeToScriptingClass (11ms)
	initialDomainReloadingComplete (44ms)
	LoadAllAssembliesAndSetupDomain (145ms)
		LoadAssemblies (91ms)
		RebuildTransferFunctionScriptingTraits (0ms)
		AnalyzeDomain (143ms)
			TypeCache.Refresh (141ms)
				TypeCache.ScanAssembly (121ms)
			ScanForSourceGeneratedMonoScriptInfo (1ms)
			ResolveRequiredComponents (1ms)
	FinalizeReload (494ms)
		ReleaseScriptCaches (0ms)
		RebuildScriptCaches (0ms)
		SetupLoadedEditorAssemblies (444ms)
			LogAssemblyErrors (0ms)
			InitializePlatformSupportModulesInManaged (282ms)
			SetLoadedEditorAssemblies (4ms)
			RefreshPlugins (0ms)
			BeforeProcessingInitializeOnLoad (2ms)
			ProcessInitializeOnLoadAttributes (116ms)
			ProcessInitializeOnLoadMethodAttributes (41ms)
			AfterProcessingInitializeOnLoad (0ms)
			EditorAssembliesLoaded (0ms)
		ExecutionOrderSort2 (0ms)
		AwakeInstancesAfterBackupRestoration (0ms)
========================================================================
Worker process is ready to serve import requests
Caller must complete domain reload
Begin MonoManager ReloadAssembly
- Loaded All Assemblies, in  0.583 seconds
Native extension for WindowsStandalone target not found
Native extension for Android target not found
Native extension for WebGL target not found
[ScriptCompilation] NOT recompiling all scripts because this is an import worker process. Reason to compile was: Define symbols changed
[ScriptCompilation] NOT recompiling all scripts because this is an import worker process. Reason to compile was: Define symbols changed
[ScriptCompilation] NOT recompiling all scripts because this is an import worker process. Reason to compile was: Define symbols changed
[ScriptCompilation] NOT recompiling all scripts because this is an import worker process. Reason to compile was: Define symbols changed
Package Manager log level set to [2]
[Package Manager] Server::EnsureServerProcessIsRunning -- launch failed, reason: Unity was launched with the -noUpm command-line argument
[Package Manager] UpmClient::Send -- Unable to send message (not connected to UPM process).
[Package Manager] Cannot connect to Unity Package Manager local server
Mono: successfully reloaded assembly
- Finished resetting the current domain, in  0.619 seconds
Domain Reload Profiling: 1202ms
	BeginReloadAssembly (131ms)
		ExecutionOrderSort (0ms)
		DisableScriptedObjects (5ms)
		BackupInstance (0ms)
		ReleaseScriptingObjects (0ms)
		CreateAndSetChildDomain (19ms)
	RebuildCommonClasses (31ms)
	RebuildNativeTypeToScriptingClass (11ms)
	initialDomainReloadingComplete (34ms)
	LoadAllAssembliesAndSetupDomain (376ms)
		LoadAssemblies (261ms)
		RebuildTransferFunctionScriptingTraits (0ms)
		AnalyzeDomain (188ms)
			TypeCache.Refresh (161ms)
				TypeCache.ScanAssembly (145ms)
			ScanForSourceGeneratedMonoScriptInfo (17ms)
			ResolveRequiredComponents (8ms)
	FinalizeReload (619ms)
		ReleaseScriptCaches (0ms)
		RebuildScriptCaches (0ms)
		SetupLoadedEditorAssemblies (478ms)
			LogAssemblyErrors (0ms)
			InitializePlatformSupportModulesInManaged (14ms)
			SetLoadedEditorAssemblies (4ms)
			RefreshPlugins (0ms)
			BeforeProcessingInitializeOnLoad (58ms)
			ProcessInitializeOnLoadAttributes (375ms)
			ProcessInitializeOnLoadMethodAttributes (24ms)
			AfterProcessingInitializeOnLoad (2ms)
			EditorAssembliesLoaded (0ms)
		ExecutionOrderSort2 (0ms)
		AwakeInstancesAfterBackupRestoration (6ms)
Launched and connected shader compiler UnityShaderCompiler.exe after 0.03 seconds
Refreshing native plugins compatible for Editor in 7.37 ms, found 6 plugins.
Preloading 0 native plugins for Editor in 0.00 ms.
Unloading 3639 Unused Serialized files (Serialized files now loaded: 0)
Unloading 24 unused Assets / (96.2 KB). Loaded Objects now: 4129.
Memory consumption went from 237.3 MB to 237.2 MB.
Total: 2.831900 ms (FindLiveObjects: 0.249900 ms CreateObjectMapping: 0.202200 ms MarkObjects: 2.281200 ms  DeleteObjects: 0.097800 ms)

AssetImportParameters requested are different than current active one (requested -> active):
  custom:container-demuxer-ogg: 62fdf1f143b41e24485cea50d1cbac27 -> 
  custom:video-decoder-ogg-theora: a1e56fd34408186e4bbccfd4996cb3dc -> 
  custom:framework-win-MediaFoundation: 216162199b28c13a410421893ffa2e32 -> 
  custom:CustomObjectIndexerAttribute: 9a22284fe3817be447336de3de66b15e -> 
  custom:container-demuxer-webm: 4f35f7cbe854078d1ac9338744f61a02 -> 
  custom:container-muxer-webm: aa71ff27fc2769a1b78a27578f13a17b -> 
  custom:video-decoder-webm-vp8: 9c59270c3fd7afecdb556c50c9e8de78 -> 
  custom:SearchIndexIgnoredProperties: e643bd26f0fe6173181afceb89e7c659 -> 
  custom:AudioImporter_EditorPlatform: d09bf68614088b80899f8185d706f6e7 -> 
  custom:scripting/monoscript/fileName/ReorderableListResources.cs: 12f8cf94345b17bd1a3aef7c3b5bd157 -> a21396365aa80586d6fe0c3f093e8e8a
  custom:video-encoder-webm-vp8: eb34c28f22e8b96e1ab97ce403110664 -> 
  custom:audio-decoder-ogg-vorbis: bf7c407c2cedff20999df2af8eb42d56 -> 
  custom:audio-encoder-webm-vorbis: bf7c407c2cedff20999df2af8eb42d56 -> 
  custom:scripting/monoscript/fileName/PhotonViewHandler.cs:  -> 7c6c7799f7e9296388067c605d1dc27c
  custom:scripting/monoscript/fileName/Common.cs:  -> 8bc0f21eac88656c6e01146ea436988c
  custom:scripting/monoscript/fileName/RegionHandler.cs:  -> 6de377e0adf86218af15234cc2039610
  custom:scripting/monoscript/fileName/ScoreHelper.cs:  -> 7e2091fcb90bdab85f4be0c18d586eba
  custom:scripting/monoscript/fileName/CurrentRoomIsOpenToggle.cs:  -> 229c6038772c64902eb501df39020417
  custom:scripting/monoscript/fileName/IsConnectedAndReadyProperty.cs:  -> af06b6e7ee3f25798787bf32cafcb247
  custom:scripting/monoscript/fileName/OfflineModeProperty.cs:  -> 142619a08af07c654a2536f2386c9c6c
  custom:scripting/monoscript/fileName/PhotonStatsGui.cs:  -> d8361e63c4cf02d1cc41570adb7e9d85
  custom:scripting/monoscript/fileName/Recorder.cs:  -> c6657e1eea930ea23652b13ab755b797
  custom:scripting/monoscript/fileName/OpusCodec.cs:  -> c070b6473e5cd4e763534d6452cdc10e
  custom:scripting/monoscript/fileName/LoadBalancingTransport.cs:  -> 48f3acf539f00ca40f96779a847cf767
  custom:scripting/monoscript/fileName/OnEscapeQuit.cs:  -> be21f25ae17e13db5ee6619d0c4d06e1
  custom:scripting/monoscript/fileName/OnJoinedInstantiate.cs:  -> e6fcd481d2d6dd67f5b18fb26017d8ba
  custom:scripting/monoscript/fileName/CullingHandler.cs:  -> ff4506351c41ac4ce471635b6b12ceb3
  custom:scripting/monoscript/fileName/CullArea.cs:  -> 75f7e0f84478d7778555f1e1e66d50b7
  custom:scripting/precompiled-assembly-types:PunDemos.DemoHubEditor:  -> f97a5d20e1b8556d51e739d7bb9826c6
  custom:scripting/monoscript/fileName/Noise.cs:  -> dc35aa19dae9f4b9d9d351205aaba1c6
  custom:scripting/monoscript/fileName/CountdownTimer.cs:  -> 29151b8b1909dcb5f8770e606e1b626a
  custom:scripting/monoscript/fileName/GameVersionField.cs:  -> e1aaf98c257ad1044f09a430176c1d25
  custom:scripting/monoscript/fileName/CurrentRoomIsOfflineProperty.cs:  -> a3b570f54686008ce7d1ddf281dfdde2
  custom:scripting/monoscript/fileName/CurrentRoomPlayerCountProperty.cs:  -> 2e3a71196f608331c351de9edf7166b4
  custom:scripting/monoscript/fileName/NickNameField.cs:  -> 4566439151a528588c6e77fbea15ef25
  custom:scripting/monoscript/fileName/CountOfPlayersOnMasterProperty.cs:  -> aa74237d4beb81bd33ceee77917bae47
  custom:scripting/precompiled-assembly-types:PhotonVoice.PUN:  -> bae848875a35fe96f09fcc9f4e534600
  custom:scripting/precompiled-assembly-types:websocket-sharp:  -> 14fbe16c400853e620dbee885c09856b
  custom:scripting/monoscript/fileName/PunSceneSettingsInspector.cs:  -> da5c9fdcd684cd1c669e2f5c5f40d373
  custom:scripting/monoscript/fileName/GameManager.cs:  -> 924b35bf318a963fcd6174beadd0d792
  custom:scripting/monoscript/fileName/CurrentRoomAutoCleanupProperty.cs:  -> a92fec09d98c752e495341af83135d64
  custom:scripting/precompiled-assembly-types:Photon3Unity3D:  -> 34d98e1629bedf29165ea9b71188242a
  custom:scripting/monoscript/fileName/DemoHubManager.cs:  -> 0dd9c19f14946313f8d78bca90723987
  custom:scripting/monoscript/fileName/ChatPeer.cs:  -> ab4cb6a09b2bd7026434274768d75701
  custom:scripting/monoscript/fileName/PlayerListView.cs:  -> 60e6f2e41401ae176dea7b70bab3c390
  custom:scripting/monoscript/fileName/GameVersionProperty.cs:  -> 212cdb5858947bda9a55c4e8f58ef2c6
  custom:scripting/monoscript/fileName/CreateRoomUiForm.cs:  -> bf1ce360a976c4439345f8064d17d3ad
  custom:scripting/monoscript/fileName/PlayerControl.cs:  -> 6df8b26511518ec75eac4160d12ac3bc
  custom:scripting/monoscript/fileName/VoiceClient.cs:  -> 22ef936fce0a21398306e724b4f3ac36
  custom:scripting/monoscript/fileName/Device.cs:  -> 5dc727536525fb68ca80ce387b9131c6
  custom:scripting/monoscript/fileName/PhotonAnimatorView.cs:  -> d7e478a730cbe0e6a3a4e1f87600646a
  custom:scripting/monoscript/fileName/LineInspector.cs:  -> b46fbdbe979ee95575b26620e8af2791
  custom:scripting/monoscript/fileName/MicAmplifierFloat.cs:  -> a8c0a65b544128d971773f0336ea10c8
  custom:scripting/monoscript/fileName/PlayerListEntry.cs:  -> 3811c0a731ead3815771e470aaca8954
  custom:scripting/monoscript/fileName/SplinePosition.cs:  -> b39b2fa35faaacaf63f8929368e2e5de
  custom:scripting/monoscript/fileName/CurrentRoomMaxPlayersProperty.cs:  -> f8d2a9d7157be1b82e5db9695b63da90
  custom:scripting/monoscript/fileName/SpeakerEditor.cs:  -> c43e934a454ff4141faf8a09498deaa9
  custom:scripting/monoscript/fileName/PlayerNumbering.cs:  -> ce6d1f08b3d2d23009596a69c08b221d
  custom:scripting/monoscript/fileName/PhotonNetworkPart.cs:  -> 28ef43a4727cd01eb0456d4c51a096be
  custom:scripting/monoscript/fileName/CustomTypesUnity.cs:  -> 013c37589fb09e7f77b2d495dfa13043
  custom:scripting/monoscript/fileName/ConnectionHandler.cs:  -> 33c1e29051dc60b1fb7e8675cafa9a54
  custom:scripting/monoscript/fileName/PunStartup.cs:  -> 961ddc858b2c0426ca5019c7e78c4fbf
  custom:scripting/monoscript/fileName/ChatUserStatus.cs:  -> 70a3ef1ac77c9464b5af9f3f7bba93e1
  custom:scripting/monoscript/fileName/PhotonHandler.cs:  -> 70e641dd7ce55eb351f633fc29fb5f7f
  custom:scripting/monoscript/fileName/TabViewManager.cs:  -> a7d06552ed611c43e44fb3fef2b558f5
  custom:scripting/monoscript/fileName/ConnectAndJoinEditor.cs:  -> f27ae6b45de1a5ae03a253b1c2e85d70
  custom:scripting/monoscript/fileName/Speaker.cs:  -> 53e4541584d57c2fe54246d45c54fa72
  custom:scripting/monoscript/fileName/PlayerUI.cs:  -> 4d64fa5e9e8828968d6cc191a132718d
  custom:scripting/monoscript/fileName/VoiceLogger.cs:  -> 33ad1c411e730ce3c983fe925ab5c8f6
  custom:scripting/monoscript/fileName/CloudRegionProperty.cs:  -> a98a80d4740fc4627fa07cd0d1b937f1
  custom:scripting/monoscript/fileName/SpeakerAudioFilterRead.cs:  -> 825b0177f87e996af39215b6d663f993
  custom:scripting/monoscript/fileName/ChannelWellKnownProperties.cs:  -> 7e2dabda8907dc60fb63ae9c28cb0b10
  custom:scripting/monoscript/fileName/PhotonNetwork.cs:  -> b0631ad5c9d567edbfc4fb2b742f00d0
  custom:scripting/monoscript/fileName/IntInputField.cs:  -> 40c0ee81b04639c26264c222a1aaea0c
  custom:scripting/monoscript/fileName/UnityAudioOut.cs:  -> 88c9a6a21c1e42a106fc7042ad8c4bdb
  custom:scripting/precompiled-assembly-types:PhotonChat:  -> 9fb4a95dff8e4bb0341559d3196dd5d3
  custom:scripting/monoscript/fileName/PhotonGUI.cs:  -> a5571c3104cbd100c9135419869f9e73
  custom:scripting/monoscript/fileName/StringInputField.cs:  -> 766f94c288e6bb2cfcd18d60914c0461
  custom:scripting/monoscript/fileName/PhotonRigidbodyView.cs:  -> f6b453c3dd57cf47fa35b8156daece9a
  custom:scripting/monoscript/fileName/ToggleExpand.cs:  -> 8df2d7619ad2c56cf93b2f0cedc9c9a4
  custom:scripting/monoscript/fileName/PhotonTransformViewClassicEditor.cs:  -> 174be401c238aa6e741f961399731929
  custom:scripting/monoscript/fileName/PunCockpit.cs:  -> 534cb157a89724d3ca07a36bb2005880
  custom:scripting/monoscript/fileName/Util.cs:  -> 14697dd43eeb6ea9ee93aafa5270c192
  custom:scripting/monoscript/fileName/ConnectAndJoinRandom.cs:  -> 00d6f17fa442bd592f9dfb4622a40a5d
  custom:scripting/monoscript/fileName/EventSystemSpawner.cs:  -> f408a55e814f245f8bc8085441fbe94b
  custom:scripting/monoscript/fileName/CurrentRoomEmptyRoomTtlProperty.cs:  -> ba459c40e550063227b6dbef6f2e12d7
  custom:scripting/monoscript/fileName/TextToggleIsOnTransition.cs:  -> 3e45da2cb510baa5765664ee499455b7
  custom:scripting/monoscript/fileName/SmoothSyncMovement.cs:  -> 31ee6a992a574c4e665f73e48482d3fc
  custom:scripting/monoscript/fileName/OnClickRpc.cs:  -> a4c1c482691ed3f8764f3736c0d692ea
  custom:scripting/monoscript/fileName/PlayerListCell.cs:  -> 76799f985e8a3951e5d132618c3350d8
  custom:scripting/monoscript/fileName/WorldGenerator.cs:  -> dca0ae82b72e05480b823fc7043006c0
  custom:scripting/precompiled-assembly-types:PhotonUnityNetworking.Utilities.Culling.Editor:  -> 1c65dd968915d77191f2941086ccc40a
  custom:scripting/monoscript/fileName/WebRtcAudioDspEditor.cs:  -> 13b7bc2dc382650a2f93807c895a5dde
  custom:scripting/precompiled-assembly-types:PhotonVoice.Editor:  -> e1d2b2386fb6ce19cb2441a222ea85d8
  custom:scripting/precompiled-assembly-types:PhotonVoice.Utilities.Editor:  -> 6ca9222add6775585ac76c2f7f72f824
  custom:scripting/precompiled-assembly-types:DOTween:  -> c9fa5d70a4327b88e2feb78a9e956ee7
  custom:scripting/monoscript/fileName/VoiceAudio.cs:  -> 7bed65ec8c74dff78e718418fa053459
  custom:scripting/monoscript/fileName/PhotonTransformView.cs:  -> ea668b9d3ca2e512312f4d0840810b14
  custom:scripting/monoscript/fileName/DeviceEnumerator.cs:  -> da29d112252c5b5ef80be4c61aea3e56
  custom:scripting/monoscript/fileName/RoomListCell.cs:  -> 8d1543bdc9816b8a578d6cd2eebe48be
  custom:scripting/monoscript/fileName/CurrentRoomPlayerTtlProperty.cs:  -> 5737d382a26e8898e597b19ab06904c5
  custom:scripting/monoscript/fileName/RoomListEntry.cs:  -> c7ba9dd428a6b8b410fe51075bfba1e1
  custom:scripting/monoscript/fileName/MonoBehaviourPunEditor.cs:  -> a420633076e18e6ded9ee7ff41e5161d
  custom:scripting/monoscript/fileName/PlayerNameInputField.cs:  -> 27839abf4289ab34aa2cc2967033966d
  custom:scripting/monoscript/fileName/CurrentRoomNameProperty.cs:  -> 72010acf97fe1f3e9ff0b8c322c93e83
  custom:scripting/monoscript/fileName/IngameControlPanel.cs:  -> e8e78297d18e08fd0d6ef99a75e376c2
  custom:scripting/monoscript/fileName/VoiceInfo.cs:  -> 9bde5a7ca30c1619a15543cae6a9c5d3
  custom:scripting/monoscript/fileName/BezierSpline.cs:  -> fdb9ccdef0d3985b914118aec7c411f2
  custom:scripting/monoscript/fileName/RawCodec.cs:  -> 65ed37c18ab9ba0efaad026ab3e559aa
  custom:scripting/monoscript/fileName/CustomTypes.cs:  -> 32fb10f0e1ae6f1f4c5b8deb3c8e83c3
  custom:scripting/monoscript/fileName/CurrentRoomMasterClientIdProperty.cs:  -> 8a7f2b18c7369cf86e69820d5f0602fe
  custom:scripting/monoscript/fileName/VoiceComponent.cs:  -> c0c099186c2896f0d6db06ae9140d04d
  custom:scripting/monoscript/fileName/VoiceFramed.cs:  -> 844605ffd3d8e7e7fa44afe83d1681e4
  custom:scripting/monoscript/fileName/PhotonPing.cs:  -> 3f140d1df899c474f22230f66cc59a41
  custom:scripting/monoscript/fileName/IsConnectedProperty.cs:  -> 981ecf71603e1baa6ce21b0fd1acc020
  custom:scripting/monoscript/fileName/PunTeams.cs:  -> 97cdf6951e96c2643337cf5fb8f69c0b
  custom:scripting/monoscript/fileName/PhotonVoiceEditorUtils.cs:  -> d8dee85c1a28d45c5d372164d10ae12c
  custom:scripting/monoscript/fileName/LobbyTopPanel.cs:  -> 830e03b228bff7a95bbb092a2d6b29d2
  custom:scripting/monoscript/fileName/CurrentRoomIsVisibleToggle.cs:  -> 47a99e70dc7fd5d059dfbf899c22bbdb
  custom:scripting/monoscript/fileName/PlayerOverviewPanel.cs:  -> 515bb293728f907f134591646985b9ce
  custom:scripting/monoscript/fileName/OnlineDocButton.cs:  -> e8bceb35def1f2c21aeb107b10e7c020
  custom:scripting/monoscript/fileName/PlayerManager.cs:  -> 5b0494b39b9a262c0ad29b1931262023
  custom:scripting/monoscript/fileName/RegionListCell.cs:  -> f6a1e00ce33d3dec4b7e2cfe425726c7
  custom:scripting/monoscript/fileName/Platform.cs:  -> f8518e4c84bba54401a702f59cd48497
  custom:scripting/monoscript/fileName/PunPlayerScores.cs:  -> eee61e21995464ded106b44bf2f6edd4
  custom:scripting/monoscript/fileName/TestTone.cs:  -> d5ffa56f41774c608f663b83189a8f97
  custom:scripting/monoscript/fileName/RecorderPreset.cs:  -> 4e6108cf139bbbe565d3b681bfa1d20b
  custom:scripting/monoscript/fileName/WebRtcAudioDsp.cs:  -> e9538825afb2923534033583c8aa6daa
  custom:scripting/monoscript/fileName/RemoteVoiceLink.cs:  -> 11e51c054bc0c21e285633d5a5fa7724
  custom:scripting/monoscript/fileName/RoomInfo.cs:  -> 86776ad49e4deb535029b369c45e7f36
  custom:scripting/monoscript/fileName/PunTeamsInspector.cs:  -> 4df913dbc11ac67364301ce3915ea909
  custom:scripting/monoscript/fileName/PunSceneSettings.cs:  -> 91ded15e638c075e189911af7f870d60
  custom:scripting/precompiled-assembly-types:PhotonRealtime:  -> dec1be7a182375f46a2fdcde20bd6f8c
  custom:scripting/monoscript/fileName/Cluster.cs:  -> 5ff22076c2cc06a01d1cc1c38d08f712
  custom:scripting/monoscript/fileName/AsteroidsGameManager.cs:  -> 12a51843b5b71df994a62f28231ff7ef
  custom:scripting/monoscript/fileName/ServerSettings.cs:  -> 8fa55e8857e3ebd201455fd70a9f157d
  custom:scripting/monoscript/fileName/CurrentRoomIsOpenProperty.cs:  -> 401af34d1219dc5c3b2d226ce3b12b08
  custom:scripting/precompiled-assembly-types:PhotonUnityNetworking.Demos:  -> 5525e23814eb097c1b90fccaacc19906
  custom:scripting/monoscript/fileName/BestRegionInPrefsProperty.cs:  -> f81195994c87654890233836f627cd69
  custom:scripting/monoscript/fileName/RecorderEditor.cs:  -> bc52c6b5ab302b95b2ec3e73b882fd4b
  custom:scripting/monoscript/fileName/AppVersionProperty.cs:  -> a4b4daafa219f35ecce40e74ac804003
  custom:scripting/monoscript/fileName/ServerSettingsInspector.cs:  -> 95da0bc9ecca5735a6f497f524ce7e54
  custom:scripting/monoscript/fileName/PhotonStreamQueue.cs:  -> 5d5e55e8eb60f78e116626969ed0311e
  custom:scripting/monoscript/fileName/MicAmplifierEditor.cs:  -> 21cb3f02878cf8e09104af352a26b8a6
  custom:scripting/monoscript/fileName/PlayerAnimatorManager.cs:  -> a7d34eb870b3ee44c83d5db31316a095
  custom:scripting/monoscript/fileName/ProceduralController.cs:  -> 294ae00e975ca4fe85822d6f85fe658a
  custom:scripting/monoscript/fileName/ServerAddressProperty.cs:  -> 284ddbe40a77584c9c8835a0d4d63859
  custom:scripting/monoscript/fileName/MoveByKeys.cs:  -> 0be06a6581575752c58847799d9932e6
  custom:scripting/monoscript/fileName/MicAmplifierShort.cs:  -> f937d9718668140c6cda2f6adbf8ce34
  custom:scripting/precompiled-assembly-types:PhotonUnityNetworking:  -> f44f6652a5e0b148f732363c4937ae4d
  custom:scripting/monoscript/fileName/UnityMicrophone.cs:  -> 2cb89dd620c2dbee60b8f501b5dbaf59
  custom:scripting/monoscript/fileName/PhotonTransport.cs:  -> 4aea8a480efbeff695f770119992b7ff
  custom:scripting/monoscript/fileName/RegionListView.cs:  -> d1509ce3c1dcf26ebb758f8eb59e1c54
  custom:scripting/precompiled-assembly-types:PunDemos.DemoSlotcarEditor:  -> 26559dd76904ca0aff3cfa22c4c681e2
  custom:scripting/monoscript/fileName/ConnectToRegionUIForm.cs:  -> 662fbbb8f06b04129a615111e69dec89
  custom:scripting/monoscript/fileName/Spaceship.cs:  -> 77d86dcddcb47a6cc18163eb292fa20b
  custom:scripting/monoscript/fileName/OpusDecoder.cs:  -> 0cdf409b5aa8d4c25876d72b5c6a3b60
  custom:scripting/monoscript/fileName/ThirdPersonCharacter.cs:  -> d37a384ef7557636dd0499ecb4e48640
  custom:scripting/monoscript/fileName/WebRTCAudioProcessor.cs:  -> 5743f46401bed82fe64679ba46e4336d
  custom:scripting/monoscript/fileName/WebRpcImplementationExample.cs:  -> 7bff59c7defddf73a4ceae1090065bd1
  custom:scripting/monoscript/fileName/UnityVoiceClientEditor.cs:  -> d316da310947dfa37532efa15c9acdfb
  custom:scripting/monoscript/fileName/Extensions.cs:  -> 3f8618856b92f72822431fd67127e289
  custom:scripting/monoscript/fileName/CullAreaEditor.cs:  -> ac85e81dd9fb835b90f15d14c78d253a
  custom:scripting/monoscript/fileName/SendRateOnSerializeField.cs:  -> 8559ed016d3004cf7fa75b6b51babcf0
  custom:scripting/monoscript/fileName/LobbyMainPanel.cs:  -> bee85956556c66d6096a3300e7923c77
  custom:scripting/monoscript/fileName/ObjectPool.cs:  -> 849ed7f5b11c9db237ef61b01c5a5104
  custom:scripting/monoscript/fileName/AutoSyncSceneToggle.cs:  -> f5a0c8cb6428054959052eda2623401a
  custom:scripting/monoscript/fileName/FriendListCell.cs:  -> 8dfedb1e000853780b714ad0651f22a9
  custom:scripting/monoscript/fileName/SlotRacerSplashScreen.cs:  -> 76e2c64393d61c31f26e20612278ec67
  custom:scripting/monoscript/fileName/PlayerDetailsController.cs:  -> 4a8b583bcd181f124e040cd407eab3b7
  custom:scripting/precompiled-assembly-types:PhotonUnityNetworking.Utilities:  -> 4529229ae7432fc9dea7353effde8578
  custom:scripting/monoscript/fileName/BackgroundTimeOutField.cs:  -> 301f4bb8d6480b188021ecf99ba8be6c
  custom:scripting/monoscript/fileName/ToDemoHubButton.cs:  -> 76a2afa2c645f73081ead15c9512dae8
  custom:scripting/monoscript/fileName/PhotonRigidbody2DViewEditor.cs:  -> 1bbd8586933ea3b91d286e3a03ef0b15
  custom:scripting/monoscript/fileName/PhotonTeamsManager.cs:  -> ed14ceec94e7d1247f794ca4f7f3aa2e
  custom:scripting/monoscript/fileName/UnityVoiceClient.cs:  -> f7e1fc311763f3e4db38e1fd7c293d3c
  custom:scripting/monoscript/fileName/ChatOperationCode.cs:  -> dac444e0d5bbc5c837c33663c8b2cefb
  custom:scripting/monoscript/fileName/CountOfPlayersInRoomProperty.cs:  -> 22a26994633102695250e14533d8bd88
  custom:scripting/monoscript/fileName/ObjectFactory.cs:  -> 849ed7f5b11c9db237ef61b01c5a5104
  custom:scripting/monoscript/fileName/ChatParameterCode.cs:  -> a0fd6a090c21b2fc7ca69a867e9c27c2
  custom:scripting/monoscript/fileName/LayoutElementMatchSize.cs:  -> 325cd6d9cb44d01cc8cfa43a5413de8f
  custom:scripting/monoscript/fileName/UserIdField.cs:  -> 889d45ebefa87613726b801d1e5e80c8
  custom:scripting/monoscript/fileName/InfosPanelPlaceholder.cs:  -> fef54b122412d96995fae2ad440bb18b
  custom:scripting/monoscript/fileName/ChannelCreationOptions.cs:  -> 4231621e658bee43f79b42f64c894f83
  custom:scripting/monoscript/fileName/Block.cs:  -> 4912a9664024ee7276656eb28373609a
  custom:scripting/monoscript/fileName/Logger.cs:  -> 48b5319a23e2dd67945c047b417927fc
  custom:scripting/monoscript/fileName/GraphicToggleIsOnTransition.cs:  -> 7e3768d2f1167a9a7dc7f801820c67a5
  custom:scripting/monoscript/fileName/AudioClipWrapper.cs:  -> 4e92e4065a5ee3fb367bf1d106734eed
  custom:scripting/monoscript/fileName/SaveIncomingStreamToFile.cs:  -> 12760b166bbb86267642c751db38e1cb
  custom:scripting/monoscript/fileName/TextButtonTransition.cs:  -> 72621123551f8416d26a631e33786da7
  custom:scripting/monoscript/fileName/DocLinks.cs:  -> 22fc6e62d47c65fdd35bd32f57891e69
  custom:scripting/monoscript/fileName/ChatEventCode.cs:  -> 764a52cdc3a575d4587f1a0939ee2b6d
  custom:scripting/monoscript/fileName/FriendListView.cs:  -> 04c66340ac95991cba62207cfc3f8015
  custom:scripting/monoscript/fileName/NestedComponentUtilities.cs:  -> 033fd91b849b48295ab920beaf62446d
  custom:scripting/monoscript/fileName/Region.cs:  -> a0331a07d2a132f6cd24585218741838
  custom:scripting/monoscript/fileName/MicAmplifier.cs:  -> 84d63e90ef76531961ac47d532444500
  custom:scripting/monoscript/fileName/Bezier.cs:  -> b8534c761c3f32134ac0822189e167cc
  custom:scripting/monoscript/fileName/AccountService.cs:  -> 80b748556379aab9364d8ef00499f1a9
  custom:scripting/precompiled-assembly-types:DOTweenEditor:  -> 6e7f6f6bb72897c86c8764c1df65e3eb
  custom:scripting/monoscript/fileName/PhotonEditor.cs:  -> 9beee3a7ca2bc764b51880f31127a0ea
  custom:scripting/monoscript/fileName/WebRpc.cs:  -> ee2bfdfdd166ac7a426061037e23ee8f
  custom:scripting/monoscript/fileName/OnClickInstantiate.cs:  -> 3929e8581c0458b4fa6c3ecec790414e
  custom:scripting/monoscript/fileName/DocLinkButton.cs:  -> 551275f4066ad419ab79864501010643
  custom:scripting/monoscript/fileName/PhotonTransformViewEditor.cs:  -> d59344a8429d1e1c91f78e42f728790a
  custom:scripting/monoscript/fileName/BezierSplineInspector.cs:  -> 64d312faa4ce8272425b85e56f7f3f74
  custom:scripting/monoscript/fileName/CountOfPlayersProperty.cs:  -> 92593170cc4984fa211f8cfbd69ac9a3
  custom:scripting/monoscript/fileName/Room.cs:  -> f509531380bf8f44be3c84421df8f27b
  custom:scripting/monoscript/fileName/AudioGen.cs:  -> f069ef1a941d68ea1c62475a36966130
  custom:scripting/precompiled-assembly-types:PhotonUnityNetworking.Utilities.PhotonPlayer.Editor:  -> 505abf32685786fe9ae158a097994203
  custom:scripting/monoscript/fileName/SlotLanes.cs:  -> 97949fb7cbc49a87a0e9a949a270c39f
  custom:scripting/monoscript/fileName/StatesGui.cs:  -> 98e5143501c303d7d5973c718d302233
  custom:scripting/monoscript/fileName/MicWrapperPusher.cs:  -> c45781d1994adbdaff794fa849ceb551
  custom:scripting/monoscript/fileName/PhotonEditorUtils.cs:  -> 4456563b945cca498f5f71d9eb2059b9
  custom:scripting/monoscript/fileName/UnityAndroidAudioInAEC.cs:  -> 5fa2dc678b3d98cbb6be9b94fa810adc
  custom:scripting/monoscript/fileName/PhotonRigidbodyViewEditor.cs:  -> ab7e34153fa9a3c646e0316fa6fc5600
  custom:scripting/monoscript/fileName/AsteroidsGame.cs:  -> 39019f3fa92643372bcb4670a7434593
  custom:scripting/monoscript/fileName/PlayerNumberingInspector.cs:  -> e277bf463a09eaa6bcf2868a0f243e5c
  custom:scripting/precompiled-assembly-types:PhotonVoice:  -> 3cf4f99f6c603e9fad55f24b7f06e8ea
  custom:scripting/monoscript/fileName/OnStartDelete.cs:  -> 020107d689eae9ab4a37b46ac589b3dd
  custom:scripting/monoscript/fileName/OpusWrapper.cs:  -> 0190d722ad6cccc4c53005d848f12bda
  custom:scripting/monoscript/fileName/SplineWalker.cs:  -> 5be65352f0f07fbe7665dfb31e99644d
  custom:scripting/monoscript/fileName/AudioChangesHandler.cs:  -> 0ccb83b93abf49df26de0641112d10de
  custom:scripting/monoscript/fileName/LoaderAnime.cs:  -> 95ab941fc8d4427c4fa6c07cf9af1057
  custom:scripting/monoscript/fileName/IPunCallbacks.cs:  -> 81caf01d84a9fa08671565d87776010b
  custom:scripting/precompiled-assembly-types:MicAmplifierEditor.Editor:  -> e3eff8dca780ba37baee99b1926cc071
  custom:scripting/monoscript/fileName/ConnectAndJoin.cs:  -> a40bb2a4e34383a7568e91fc8862adab
  custom:scripting/monoscript/fileName/FriendInfo.cs:  -> be836ba41ecfa4c9dca4b510bdfea5c8
  custom:scripting/monoscript/fileName/IPhotonViewCallbacks.cs:  -> 6b192d91218207b95c2b171719310343
  custom:scripting/monoscript/fileName/WindowsAudioIn.cs:  -> 8d821d7f42939f654fd824972c01908e
  custom:scripting/monoscript/fileName/ButtonInsideScrollList.cs:  -> 663db374c5f487d95198d2dce6dd1ce7
  custom:scripting/monoscript/fileName/PingProperty.cs:  -> 9f24d087d77c62d9ddcbab43ed4cd5fe
  custom:scripting/monoscript/fileName/Launcher.cs:  -> 6d0f0651107e8b978d50eb5d8ca63cd3
  custom:scripting/monoscript/fileName/SendRateField.cs:  -> 5786bd6806651c5e23c7d4a511e3dfaa
  custom:scripting/monoscript/fileName/PropertyCell.cs:  -> caa15b0e3299de64e13d6f1d4cf295aa
  custom:scripting/monoscript/fileName/CountOfRoomsProperty.cs:  -> c0688910145f665105cec6c6eaf4f03c
  custom:scripting/monoscript/fileName/PhotonTeamsManagerInspector.cs:  -> 55bea48a55e757c56d53ded3ae32c48e
  custom:scripting/monoscript/fileName/PunTurnManager.cs:  -> c24499e0acfb9782133d39c092b0366b
  custom:scripting/monoscript/fileName/MicWrapper.cs:  -> 87a0be0b1e317ea10016f47e1c91df41
  custom:scripting/monoscript/fileName/ServerProperty.cs:  -> d53bc3d40dee4679a13aa7a9ff58706e
  custom:scripting/monoscript/fileName/SupportLogger.cs:  -> 6226925e792eee84b718aee3baaa82a7
  custom:scripting/monoscript/fileName/FrameBuffer.cs:  -> b034a3dcd7cae1d662b22440fefd31ad
  custom:scripting/monoscript/fileName/AudioUtil.cs:  -> 78393a29a35b4a8193fecddb149b8c14
  custom:scripting/monoscript/fileName/PhotonVoiceLagSimulationGui.cs:  -> a80ca234f6f2e994c61a29653d928909
  custom:scripting/monoscript/fileName/UserIdUiForm.cs:  -> 0a1836b26b3227dc4bf5c907f6dcc697
  custom:scripting/monoscript/fileName/PhotonAppSettings.cs:  -> 8d8f39aefb5a756e33e21f4b6d1dabee
  custom:scripting/monoscript/fileName/ChatAppSettings.cs:  -> db433ce9dc535a56c6c28a3183328622
  custom:scripting/monoscript/fileName/LoadLevelUIForm.cs:  -> 6198023540609558b39b6b3a84524494
  custom:scripting/monoscript/fileName/Asteroid.cs:  -> 8382d1ead570177214081c1ec12affef
  custom:scripting/monoscript/fileName/Bullet.cs:  -> 77c411c50d821352e611a16c30f40226
  custom:scripting/monoscript/fileName/PhotonVoiceStatsGui.cs:  -> 0dc4b49c237db8e2557e9e9263a20421
  custom:scripting/monoscript/fileName/OnClickDestroy.cs:  -> 84deb4bc685f090f86133752922a945d
  custom:scripting/monoscript/fileName/PhotonView.cs:  -> b2662a18b33c427e0ec2e5ab1a56c2b5
  custom:scripting/monoscript/fileName/AudioOut.cs:  -> b705dbb2bddfa816db3dae4e379ebd84
  custom:scripting/monoscript/fileName/CurrentRoomIsVisibleProperty.cs:  -> be95d33e9289a548289bfd3ab9507d59
  custom:scripting/monoscript/fileName/ChatChannel.cs:  -> 052e931f7bf91536d9bda80d682b6368
  custom:scripting/monoscript/fileName/BezierCurveInspector.cs:  -> cd033eb785ec71c240751fc164fcbff1
  custom:scripting/monoscript/fileName/ChatClient.cs:  -> d3eb880194f03abd869e259e1e9fd5f0
  custom:scripting/monoscript/fileName/iOSAudioSession.cs:  -> 544a539e14c3f002d688c1bc9bf8267e
  custom:scripting/monoscript/fileName/LoadBalancingTransport2.cs:  -> a56162fa4393c02ed00c1aa9d088e8d0
  custom:scripting/monoscript/fileName/IChatClientListener.cs:  -> e6ec1b8d09bf11f3791c0bd18ae45880
  custom:scripting/monoscript/fileName/SaveOutgoingStreamToFile.cs:  -> 210c72e519873238eefcfa03a8511ca1
  custom:scripting/monoscript/fileName/CrcCheckToggle.cs:  -> a236d00910b93ad4ae792080fb07508e
  custom:scripting/monoscript/fileName/MicrophonePermission.cs:  -> c7150a081ebc37e94b380608ebfd9f96
  custom:scripting/monoscript/fileName/BezierCurve.cs:  -> 6855a37c0f6b23766e2a15354899a784
  custom:scripting/monoscript/fileName/WaveWriter.cs:  -> 4354f761ae460f22018fbec85e71c74a
  custom:scripting/monoscript/fileName/PhotonRigidbody2DView.cs:  -> cfabe07ff5658dc80bf23a32c3f3d3ea
  custom:scripting/monoscript/fileName/Line.cs:  -> 5e23c11e3450a3cc94ccc16c37b15685
  custom:scripting/monoscript/fileName/OpusEncoder.cs:  -> 1716a574fc780d17d7aebcc7bfed9c9c
  custom:scripting/monoscript/fileName/SetRoomCustomPropertyUIForm.cs:  -> 9f1b75809ed6e2f34b0b61446d287bd4
  custom:scripting/monoscript/fileName/Player.cs:  -> b6aef835b43cb69bef999bd5136f7c21
  custom:scripting/monoscript/fileName/AppSettings.cs:  -> d20c247df910115cd4c5ae83482475ef
  custom:scripting/monoscript/fileName/LoadbalancingPeer.cs:  -> d9dd9ca955de7f0a553b219d39f29621
  custom:scripting/monoscript/fileName/LoadBalancingClient.cs:  -> 632813597f9db7bc895b13321ba1b05b
  custom:scripting/monoscript/fileName/PhotonAnimatorViewEditor.cs:  -> fd89a9c520118567d7b47e39070bcd39
  custom:scripting/monoscript/fileName/VoiceSourceAdapter.cs:  -> 1bc158bdb1522cf2364d108f1af30153
  custom:scripting/monoscript/fileName/PropertyListenerBase.cs:  -> f9338b1da94c09d1d4dc5b01f854e0e3
  custom:scripting/precompiled-assembly-types:PhotonVoice.PUN.Editor:  -> bae848875a35fe96f09fcc9f4e534600
  custom:scripting/monoscript/fileName/PhotonViewInspector.cs:  -> da72c707197b3a14a9e4fc031131a7bc
  custom:scripting/monoscript/fileName/OpusException.cs:  -> 0f10f25cbd64b2727aca2ca7856e85e3
  custom:scripting/monoscript/fileName/RoomListView.cs:  -> 2b7207d3ddc2539dd2b806ed485e033b
  custom:scripting/precompiled-assembly-types:PhotonUnityNetworking.Editor:  -> 381bd82cb89af4cb5a328e5ab5163ccc
  custom:scripting/monoscript/fileName/CurrentRoomPropertiesListedInLobbyProperty.cs:  -> c8880d240fca5295b2028661629631dc
  custom:scripting/monoscript/fileName/CurrentRoomExpectedUsersProperty.cs:  -> 15c7823a1b55465c741092cad452b5e4
  custom:scripting/precompiled-assembly-types:PhotonVoice.API:  -> a457534665bc72538f759eee206c266e
  custom:scripting/monoscript/fileName/PointedAtGameObjectInfo.cs:  -> 0f220a9d7e421f59db30fb04c90d6c0e
  custom:scripting/monoscript/fileName/AudioOutCapture.cs:  -> 5a4d19e4f8a4760834a7079a9dec4ba6
  custom:scripting/monoscript/fileName/ThirdPersonUserControl.cs:  -> 1e36b4529ca7c2f8667ed6449c3722b9
  custom:scripting/monoscript/fileName/PhotonTransformViewClassic.cs:  -> b13582f7122692c3dc0b0b58565603b7
  custom:scripting/monoscript/fileName/PhotonLagSimulationGui.cs:  -> de60acfca25c9c245519382776ad2f82
  custom:scripting/monoscript/fileName/VoiceCodec.cs:  -> 2686d15aedcf1c6380ff684bc014cd7d
  custom:scripting/monoscript/fileName/Voice.cs:  -> 3954ca207ed9ff177d5bbf0ee67aae46
  custom:scripting/monoscript/fileName/BoolInputField.cs:  -> 96b6c600bd0428819f492c767ecf8b5b
  custom:scripting/monoscript/fileName/OnPointerOverTooltip.cs:  -> b9abe1fce28033712ba423247874af86
  custom:scripting/monoscript/fileName/AudioSyncBuffer.cs:  -> 90647cc400823b41df847a6cbfc29026
  custom:scripting/monoscript/fileName/CameraWork.cs:  -> 7182be285ca897b882f7b04a97b5001a
  custom:scripting/monoscript/fileName/PunCockpitEmbed.cs:  -> 2240c92b97535c6672465e83f1e36036
  custom:scripting/monoscript/fileName/PunClasses.cs:  -> d6a17dc119cdc0b4a5b92f4135a56268
========================================================================
Received Import Request.
  Time since last request: 2743.892643 seconds.
  path: Assets/_TerrainAutoUpgrade/layer_CliffCliff_normal3d1cca0d6d0e9938.terrainlayer
  artifactKey: Guid(9dc594db4510d4b4b8ab43bfb1d97d80) Importer(815301076,1909f56bfc062723c751e8b465ee728b)
Start importing Assets/_TerrainAutoUpgrade/layer_CliffCliff_normal3d1cca0d6d0e9938.terrainlayer using Guid(9dc594db4510d4b4b8ab43bfb1d97d80) Importer(815301076,1909f56bfc062723c751e8b465ee728b) [PhysX] Initialized MultithreadedTaskDispatcher with 12 workers.
 -> (artifact id: 'c4b55614956e91b779e9ee8b70262f99') in 0.087747 seconds
Number of updated asset objects reloaded before import = 0
Number of asset objects unloaded after import = 4
========================================================================
Received Import Request.
  Time since last request: 19.484245 seconds.
  path: Assets/Materials/7b539ffd5c62b951f22a04f0b251b827.mat
  artifactKey: Guid(09ae227266fcf4a4db51aad9e79864e6) Importer(815301076,1909f56bfc062723c751e8b465ee728b)
Start importing Assets/Materials/7b539ffd5c62b951f22a04f0b251b827.mat using Guid(09ae227266fcf4a4db51aad9e79864e6) Importer(815301076,1909f56bfc062723c751e8b465ee728b) [PhysX] Initialized MultithreadedTaskDispatcher with 12 workers.
[PhysX] Initialized MultithreadedTaskDispatcher with 12 workers.
 -> (artifact id: '77f7f9cf3075279b43f6fb8309297c18') in 0.048818 seconds
Number of updated asset objects reloaded before import = 0
Number of asset objects unloaded after import = 2
========================================================================
Received Import Request.
  Time since last request: 246.319808 seconds.
  path: Assets/1e6e7046511b136601b343003063a1f0.png
  artifactKey: Guid(e95dbf3d6d32b814b8c12aeed06005b6) Importer(815301076,1909f56bfc062723c751e8b465ee728b)
Start importing Assets/1e6e7046511b136601b343003063a1f0.png using Guid(e95dbf3d6d32b814b8c12aeed06005b6) Importer(815301076,1909f56bfc062723c751e8b465ee728b) [PhysX] Initialized MultithreadedTaskDispatcher with 12 workers.
[PhysX] Initialized MultithreadedTaskDispatcher with 12 workers.
 -> (artifact id: '523704d03c8afd129d4bd8ad8542a1d4') in 0.017710 seconds
Number of updated asset objects reloaded before import = 0
Number of asset objects unloaded after import = 2
========================================================================
Received Import Request.
  Time since last request: 0.000019 seconds.
  path: Assets/jj.png
  artifactKey: Guid(da8b385b54f62584895aa51c922841fd) Importer(815301076,1909f56bfc062723c751e8b465ee728b)
Start importing Assets/jj.png using Guid(da8b385b54f62584895aa51c922841fd) Importer(815301076,1909f56bfc062723c751e8b465ee728b) [PhysX] Initialized MultithreadedTaskDispatcher with 12 workers.
[PhysX] Initialized MultithreadedTaskDispatcher with 12 workers.
 -> (artifact id: 'e00a56127b5a92fa38d6fe9fd6d8a776') in 0.034603 seconds
Number of updated asset objects reloaded before import = 0
Number of asset objects unloaded after import = 3
========================================================================
Received Import Request.
  Time since last request: 0.000015 seconds.
  path: Assets/Image_0.jpg
  artifactKey: Guid(adbbd9a1db6aa0a46abff3368946868d) Importer(815301076,1909f56bfc062723c751e8b465ee728b)
Start importing Assets/Image_0.jpg using Guid(adbbd9a1db6aa0a46abff3368946868d) Importer(815301076,1909f56bfc062723c751e8b465ee728b) [PhysX] Initialized MultithreadedTaskDispatcher with 12 workers.
[PhysX] Initialized MultithreadedTaskDispatcher with 12 workers.
 -> (artifact id: '47662d122766d527ee58e3ee13a6da0c') in 0.008295 seconds
Number of updated asset objects reloaded before import = 0
Number of asset objects unloaded after import = 2
========================================================================
Received Import Request.
  Time since last request: 0.000015 seconds.
  path: Assets/Mars (1).mp3
  artifactKey: Guid(a48fb72e02734c649b5a5ba6e8290acd) Importer(815301076,1909f56bfc062723c751e8b465ee728b)
Start importing Assets/Mars (1).mp3 using Guid(a48fb72e02734c649b5a5ba6e8290acd) Importer(815301076,1909f56bfc062723c751e8b465ee728b) [PhysX] Initialized MultithreadedTaskDispatcher with 12 workers.
[PhysX] Initialized MultithreadedTaskDispatcher with 12 workers.
 -> (artifact id: 'cc4e8f61204e2ebff455c22e5fbb85a0') in 0.056149 seconds
Number of updated asset objects reloaded before import = 0
Number of asset objects unloaded after import = 2
========================================================================
Received Import Request.
  Time since last request: 0.000015 seconds.
  path: Assets/colr.mat
  artifactKey: Guid(a36863c28ad874f4492d00af624258b8) Importer(815301076,1909f56bfc062723c751e8b465ee728b)
Start importing Assets/colr.mat using Guid(a36863c28ad874f4492d00af624258b8) Importer(815301076,1909f56bfc062723c751e8b465ee728b) [PhysX] Initialized MultithreadedTaskDispatcher with 12 workers.
[PhysX] Initialized MultithreadedTaskDispatcher with 12 workers.
 -> (artifact id: '2c4ce1e64a0f5bfc698089a8478aa947') in 0.006926 seconds
Number of updated asset objects reloaded before import = 0
Number of asset objects unloaded after import = 2
========================================================================
Received Import Request.
  Time since last request: 0.000025 seconds.
  path: Assets/ingenuity.dae
  artifactKey: Guid(ba4c50363cc5c834c8d74623b6be1027) Importer(815301076,1909f56bfc062723c751e8b465ee728b)
Start importing Assets/ingenuity.dae using Guid(ba4c50363cc5c834c8d74623b6be1027) Importer(815301076,1909f56bfc062723c751e8b465ee728b) [PhysX] Initialized MultithreadedTaskDispatcher with 12 workers.
[PhysX] Initialized MultithreadedTaskDispatcher with 12 workers.
[PhysX] Initialized MultithreadedTaskDispatcher with 12 workers.
[PhysX] Initialized MultithreadedTaskDispatcher with 12 workers.
[PhysX] Initialized MultithreadedTaskDispatcher with 12 workers.
[PhysX] Initialized MultithreadedTaskDispatcher with 12 workers.
[PhysX] Initialized MultithreadedTaskDispatcher with 12 workers.
[PhysX] Initialized MultithreadedTaskDispatcher with 12 workers.
[PhysX] Initialized MultithreadedTaskDispatcher with 12 workers.
[PhysX] Initialized MultithreadedTaskDispatcher with 12 workers.
[PhysX] Initialized MultithreadedTaskDispatcher with 12 workers.
[PhysX] Initialized MultithreadedTaskDispatcher with 12 workers.
[PhysX] Initialized MultithreadedTaskDispatcher with 12 workers.
[PhysX] Initialized MultithreadedTaskDispatcher with 12 workers.
[PhysX] Initialized MultithreadedTaskDispatcher with 12 workers.
[PhysX] Initialized MultithreadedTaskDispatcher with 12 workers.
[PhysX] Initialized MultithreadedTaskDispatcher with 12 workers.
[PhysX] Initialized MultithreadedTaskDispatcher with 12 workers.
[PhysX] Initialized MultithreadedTaskDispatcher with 12 workers.
[PhysX] Initialized MultithreadedTaskDispatcher with 12 workers.
[PhysX] Initialized MultithreadedTaskDispatcher with 12 workers.
[PhysX] Initialized MultithreadedTaskDispatcher with 12 workers.
[PhysX] Initialized MultithreadedTaskDispatcher with 12 workers.
[PhysX] Initialized MultithreadedTaskDispatcher with 12 workers.
[PhysX] Initialized MultithreadedTaskDispatcher with 12 workers.
[PhysX] Initialized MultithreadedTaskDispatcher with 12 workers.
[PhysX] Initialized MultithreadedTaskDispatcher with 12 workers.
[PhysX] Initialized MultithreadedTaskDispatcher with 12 workers.
[PhysX] Initialized MultithreadedTaskDispatcher with 12 workers.
[PhysX] Initialized MultithreadedTaskDispatcher with 12 workers.
[PhysX] Initialized MultithreadedTaskDispatcher with 12 workers.
[PhysX] Initialized MultithreadedTaskDispatcher with 12 workers.
[PhysX] Initialized MultithreadedTaskDispatcher with 12 workers.
 -> (artifact id: 'f27b3847e76fc8a6617c57c8e6530fe1') in 0.168508 seconds
Number of updated asset objects reloaded before import = 0
Number of asset objects unloaded after import = 67
========================================================================
Received Import Request.
  Time since last request: 0.000015 seconds.
  path: Assets/Curiosity.dae
  artifactKey: Guid(ce4cea714716fa147b128889dd24cfaa) Importer(815301076,1909f56bfc062723c751e8b465ee728b)
Start importing Assets/Curiosity.dae using Guid(ce4cea714716fa147b128889dd24cfaa) Importer(815301076,1909f56bfc062723c751e8b465ee728b) [PhysX] Initialized MultithreadedTaskDispatcher with 12 workers.
[PhysX] Initialized MultithreadedTaskDispatcher with 12 workers.
[PhysX] Initialized MultithreadedTaskDispatcher with 12 workers.
[PhysX] Initialized MultithreadedTaskDispatcher with 12 workers.
[PhysX] Initialized MultithreadedTaskDispatcher with 12 workers.
[PhysX] Initialized MultithreadedTaskDispatcher with 12 workers.
[PhysX] Initialized MultithreadedTaskDispatcher with 12 workers.
[PhysX] Initialized MultithreadedTaskDispatcher with 12 workers.
[PhysX] Initialized MultithreadedTaskDispatcher with 12 workers.
[PhysX] Initialized MultithreadedTaskDispatcher with 12 workers.
[PhysX] Initialized MultithreadedTaskDispatcher with 12 workers.
[PhysX] Initialized MultithreadedTaskDispatcher with 12 workers.
[PhysX] Initialized MultithreadedTaskDispatcher with 12 workers.
[PhysX] Initialized MultithreadedTaskDispatcher with 12 workers.
[PhysX] Initialized MultithreadedTaskDispatcher with 12 workers.
[PhysX] Initialized MultithreadedTaskDispatcher with 12 workers.
[PhysX] Initialized MultithreadedTaskDispatcher with 12 workers.
[PhysX] Initialized MultithreadedTaskDispatcher with 12 workers.
[PhysX] Initialized MultithreadedTaskDispatcher with 12 workers.
[PhysX] Initialized MultithreadedTaskDispatcher with 12 workers.
[PhysX] Initialized MultithreadedTaskDispatcher with 12 workers.
[PhysX] Initialized MultithreadedTaskDispatcher with 12 workers.
[PhysX] Initialized MultithreadedTaskDispatcher with 12 workers.
[PhysX] Initialized MultithreadedTaskDispatcher with 12 workers.
[PhysX] Initialized MultithreadedTaskDispatcher with 12 workers.
[PhysX] Initialized MultithreadedTaskDispatcher with 12 workers.
[PhysX] Initialized MultithreadedTaskDispatcher with 12 workers.
[PhysX] Initialized MultithreadedTaskDispatcher with 12 workers.
[PhysX] Initialized MultithreadedTaskDispatcher with 12 workers.
[PhysX] Initialized MultithreadedTaskDispatcher with 12 workers.
[PhysX] Initialized MultithreadedTaskDispatcher with 12 workers.
[PhysX] Initialized MultithreadedTaskDispatcher with 12 workers.
[PhysX] Initialized MultithreadedTaskDispatcher with 12 workers.
[PhysX] Initialized MultithreadedTaskDispatcher with 12 workers.
[PhysX] Initialized MultithreadedTaskDispatcher with 12 workers.
[PhysX] Initialized MultithreadedTaskDispatcher with 12 workers.
[PhysX] Initialized MultithreadedTaskDispatcher with 12 workers.
[PhysX] Initialized MultithreadedTaskDispatcher with 12 workers.
[PhysX] Initialized MultithreadedTaskDispatcher with 12 workers.
[PhysX] Initialized MultithreadedTaskDispatcher with 12 workers.
[PhysX] Initialized MultithreadedTaskDispatcher with 12 workers.
[PhysX] Initialized MultithreadedTaskDispatcher with 12 workers.
[PhysX] Initialized MultithreadedTaskDispatcher with 12 workers.
[PhysX] Initialized MultithreadedTaskDispatcher with 12 workers.
[PhysX] Initialized MultithreadedTaskDispatcher with 12 workers.
[PhysX] Initialized MultithreadedTaskDispatcher with 12 workers.
[PhysX] Initialized MultithreadedTaskDispatcher with 12 workers.
[PhysX] Initialized MultithreadedTaskDispatcher with 12 workers.
[PhysX] Initialized MultithreadedTaskDispatcher with 12 workers.
[PhysX] Initialized MultithreadedTaskDispatcher with 12 workers.
[PhysX] Initialized MultithreadedTaskDispatcher with 12 workers.
[PhysX] Initialized MultithreadedTaskDispatcher with 12 workers.
[PhysX] Initialized MultithreadedTaskDispatcher with 12 workers.
[PhysX] Initialized MultithreadedTaskDispatcher with 12 workers.
[PhysX] Initialized MultithreadedTaskDispatcher with 12 workers.
[PhysX] Initialized MultithreadedTaskDispatcher with 12 workers.
[PhysX] Initialized MultithreadedTaskDispatcher with 12 workers.
[PhysX] Initialized MultithreadedTaskDispatcher with 12 workers.
[PhysX] Initialized MultithreadedTaskDispatcher with 12 workers.
[PhysX] Initialized MultithreadedTaskDispatcher with 12 workers.
[PhysX] Initialized MultithreadedTaskDispatcher with 12 workers.
[PhysX] Initialized MultithreadedTaskDispatcher with 12 workers.
[PhysX] Initialized MultithreadedTaskDispatcher with 12 workers.
[PhysX] Initialized MultithreadedTaskDispatcher with 12 workers.
[PhysX] Initialized MultithreadedTaskDispatcher with 12 workers.
[PhysX] Initialized MultithreadedTaskDispatcher with 12 workers.
[PhysX] Initialized MultithreadedTaskDispatcher with 12 workers.
[PhysX] Initialized MultithreadedTaskDispatcher with 12 workers.
[PhysX] Initialized MultithreadedTaskDispatcher with 12 workers.
[PhysX] Initialized MultithreadedTaskDispatcher with 12 workers.
[PhysX] Initialized MultithreadedTaskDispatcher with 12 workers.
[PhysX] Initialized MultithreadedTaskDispatcher with 12 workers.
[PhysX] Initialized MultithreadedTaskDispatcher with 12 workers.
[PhysX] Initialized MultithreadedTaskDispatcher with 12 workers.
[PhysX] Initialized MultithreadedTaskDispatcher with 12 workers.
[PhysX] Initialized MultithreadedTaskDispatcher with 12 workers.
[PhysX] Initialized MultithreadedTaskDispatcher with 12 workers.
[PhysX] Initialized MultithreadedTaskDispatcher with 12 workers.
[PhysX] Initialized MultithreadedTaskDispatcher with 12 workers.
[PhysX] Initialized MultithreadedTaskDispatcher with 12 workers.
[PhysX] Initialized MultithreadedTaskDispatcher with 12 workers.
[PhysX] Initialized MultithreadedTaskDispatcher with 12 workers.
[PhysX] Initialized MultithreadedTaskDispatcher with 12 workers.
[PhysX] Initialized MultithreadedTaskDispatcher with 12 workers.
[PhysX] Initialized MultithreadedTaskDispatcher with 12 workers.
[PhysX] Initialized MultithreadedTaskDispatcher with 12 workers.
[PhysX] Initialized MultithreadedTaskDispatcher with 12 workers.
[PhysX] Initialized MultithreadedTaskDispatcher with 12 workers.
[PhysX] Initialized MultithreadedTaskDispatcher with 12 workers.
[PhysX] Initialized MultithreadedTaskDispatcher with 12 workers.
[PhysX] Initialized MultithreadedTaskDispatcher with 12 workers.
[PhysX] Initialized MultithreadedTaskDispatcher with 12 workers.
[PhysX] Initialized MultithreadedTaskDispatcher with 12 workers.
[PhysX] Initialized MultithreadedTaskDispatcher with 12 workers.
[PhysX] Initialized MultithreadedTaskDispatcher with 12 workers.
[PhysX] Initialized MultithreadedTaskDispatcher with 12 workers.
[PhysX] Initialized MultithreadedTaskDispatcher with 12 workers.
[PhysX] Initialized MultithreadedTaskDispatcher with 12 workers.
[PhysX] Initialized MultithreadedTaskDispatcher with 12 workers.
[PhysX] Initialized MultithreadedTaskDispatcher with 12 workers.
[PhysX] Initialized MultithreadedTaskDispatcher with 12 workers.
[PhysX] Initialized MultithreadedTaskDispatcher with 12 workers.
[PhysX] Initialized MultithreadedTaskDispatcher with 12 workers.
[PhysX] Initialized MultithreadedTaskDispatcher with 12 workers.
[PhysX] Initialized MultithreadedTaskDispatcher with 12 workers.
[PhysX] Initialized MultithreadedTaskDispatcher with 12 workers.
[PhysX] Initialized MultithreadedTaskDispatcher with 12 workers.
[PhysX] Initialized MultithreadedTaskDispatcher with 12 workers.
[PhysX] Initialized MultithreadedTaskDispatcher with 12 workers.
[PhysX] Initialized MultithreadedTaskDispatcher with 12 workers.
 -> (artifact id: '0341786fe0800af11eb5845c04e7edb7') in 0.446796 seconds
Number of updated asset objects reloaded before import = 0
Number of asset objects unloaded after import = 525
========================================================================
Received Import Request.
  Time since last request: 144.669616 seconds.
  path: Assets/Mars sandstorms.mat
  artifactKey: Guid(93eed0e295742894688501ae2b95893b) Importer(815301076,1909f56bfc062723c751e8b465ee728b)
Start importing Assets/Mars sandstorms.mat using Guid(93eed0e295742894688501ae2b95893b) Importer(815301076,1909f56bfc062723c751e8b465ee728b) [PhysX] Initialized MultithreadedTaskDispatcher with 12 workers.
[PhysX] Initialized MultithreadedTaskDispatcher with 12 workers.
 -> (artifact id: '6a51c7db5d2c06f00e1ef8afa9b8aa3f') in 0.008625 seconds
Number of updated asset objects reloaded before import = 0
Number of asset objects unloaded after import = 2
========================================================================
Received Import Request.
  Time since last request: 0.003228 seconds.
  path: Assets/marsbasedot.dae
  artifactKey: Guid(d9924dd4d0caa9e47a117dc022c15fe1) Importer(815301076,1909f56bfc062723c751e8b465ee728b)
Start importing Assets/marsbasedot.dae using Guid(d9924dd4d0caa9e47a117dc022c15fe1) Importer(815301076,1909f56bfc062723c751e8b465ee728b) [PhysX] Initialized MultithreadedTaskDispatcher with 12 workers.
[PhysX] Initialized MultithreadedTaskDispatcher with 12 workers.
[PhysX] Initialized MultithreadedTaskDispatcher with 12 workers.
[PhysX] Initialized MultithreadedTaskDispatcher with 12 workers.
[PhysX] Initialized MultithreadedTaskDispatcher with 12 workers.
[PhysX] Initialized MultithreadedTaskDispatcher with 12 workers.
[PhysX] Initialized MultithreadedTaskDispatcher with 12 workers.
[PhysX] Initialized MultithreadedTaskDispatcher with 12 workers.
[PhysX] Initialized MultithreadedTaskDispatcher with 12 workers.
[PhysX] Initialized MultithreadedTaskDispatcher with 12 workers.
[PhysX] Initialized MultithreadedTaskDispatcher with 12 workers.
[PhysX] Initialized MultithreadedTaskDispatcher with 12 workers.
[PhysX] Initialized MultithreadedTaskDispatcher with 12 workers.
[PhysX] Initialized MultithreadedTaskDispatcher with 12 workers.
[PhysX] Initialized MultithreadedTaskDispatcher with 12 workers.
[PhysX] Initialized MultithreadedTaskDispatcher with 12 workers.
[PhysX] Initialized MultithreadedTaskDispatcher with 12 workers.
[PhysX] Initialized MultithreadedTaskDispatcher with 12 workers.
[PhysX] Initialized MultithreadedTaskDispatcher with 12 workers.
[PhysX] Initialized MultithreadedTaskDispatcher with 12 workers.
[PhysX] Initialized MultithreadedTaskDispatcher with 12 workers.
[PhysX] Initialized MultithreadedTaskDispatcher with 12 workers.
[PhysX] Initialized MultithreadedTaskDispatcher with 12 workers.
[PhysX] Initialized MultithreadedTaskDispatcher with 12 workers.
[PhysX] Initialized MultithreadedTaskDispatcher with 12 workers.
[PhysX] Initialized MultithreadedTaskDispatcher with 12 workers.
[PhysX] Initialized MultithreadedTaskDispatcher with 12 workers.
[PhysX] Initialized MultithreadedTaskDispatcher with 12 workers.
[PhysX] Initialized MultithreadedTaskDispatcher with 12 workers.
[PhysX] Initialized MultithreadedTaskDispatcher with 12 workers.
[PhysX] Initialized MultithreadedTaskDispatcher with 12 workers.
[PhysX] Initialized MultithreadedTaskDispatcher with 12 workers.
[PhysX] Initialized MultithreadedTaskDispatcher with 12 workers.
[PhysX] Initialized MultithreadedTaskDispatcher with 12 workers.
[PhysX] Initialized MultithreadedTaskDispatcher with 12 workers.
[PhysX] Initialized MultithreadedTaskDispatcher with 12 workers.
[PhysX] Initialized MultithreadedTaskDispatcher with 12 workers.
[PhysX] Initialized MultithreadedTaskDispatcher with 12 workers.
[PhysX] Initialized MultithreadedTaskDispatcher with 12 workers.
[PhysX] Initialized MultithreadedTaskDispatcher with 12 workers.
[PhysX] Initialized MultithreadedTaskDispatcher with 12 workers.
[PhysX] Initialized MultithreadedTaskDispatcher with 12 workers.
[PhysX] Initialized MultithreadedTaskDispatcher with 12 workers.
[PhysX] Initialized MultithreadedTaskDispatcher with 12 workers.
[PhysX] Initialized MultithreadedTaskDispatcher with 12 workers.
[PhysX] Initialized MultithreadedTaskDispatcher with 12 workers.
[PhysX] Initialized MultithreadedTaskDispatcher with 12 workers.
[PhysX] Initialized MultithreadedTaskDispatcher with 12 workers.
[PhysX] Initialized MultithreadedTaskDispatcher with 12 workers.
[PhysX] Initialized MultithreadedTaskDispatcher with 12 workers.
[PhysX] Initialized MultithreadedTaskDispatcher with 12 workers.
[PhysX] Initialized MultithreadedTaskDispatcher with 12 workers.
[PhysX] Initialized MultithreadedTaskDispatcher with 12 workers.
[PhysX] Initialized MultithreadedTaskDispatcher with 12 workers.
[PhysX] Initialized MultithreadedTaskDispatcher with 12 workers.
[PhysX] Initialized MultithreadedTaskDispatcher with 12 workers.
[PhysX] Initialized MultithreadedTaskDispatcher with 12 workers.
[PhysX] Initialized MultithreadedTaskDispatcher with 12 workers.
[PhysX] Initialized MultithreadedTaskDispatcher with 12 workers.
[PhysX] Initialized MultithreadedTaskDispatcher with 12 workers.
[PhysX] Initialized MultithreadedTaskDispatcher with 12 workers.
[PhysX] Initialized MultithreadedTaskDispatcher with 12 workers.
[PhysX] Initialized MultithreadedTaskDispatcher with 12 workers.
[PhysX] Initialized MultithreadedTaskDispatcher with 12 workers.
[PhysX] Initialized MultithreadedTaskDispatcher with 12 workers.
[PhysX] Initialized MultithreadedTaskDispatcher with 12 workers.
[PhysX] Initialized MultithreadedTaskDispatcher with 12 workers.
[PhysX] Initialized MultithreadedTaskDispatcher with 12 workers.
[PhysX] Initialized MultithreadedTaskDispatcher with 12 workers.
[PhysX] Initialized MultithreadedTaskDispatcher with 12 workers.
[PhysX] Initialized MultithreadedTaskDispatcher with 12 workers.
[PhysX] Initialized MultithreadedTaskDispatcher with 12 workers.
[PhysX] Initialized MultithreadedTaskDispatcher with 12 workers.
[PhysX] Initialized MultithreadedTaskDispatcher with 12 workers.
[PhysX] Initialized MultithreadedTaskDispatcher with 12 workers.
[PhysX] Initialized MultithreadedTaskDispatcher with 12 workers.
[PhysX] Initialized MultithreadedTaskDispatcher with 12 workers.
[PhysX] Initialized MultithreadedTaskDispatcher with 12 workers.
[PhysX] Initialized MultithreadedTaskDispatcher with 12 workers.
[PhysX] Initialized MultithreadedTaskDispatcher with 12 workers.
[PhysX] Initialized MultithreadedTaskDispatcher with 12 workers.
[PhysX] Initialized MultithreadedTaskDispatcher with 12 workers.
[PhysX] Initialized MultithreadedTaskDispatcher with 12 workers.
[PhysX] Initialized MultithreadedTaskDispatcher with 12 workers.
[PhysX] Initialized MultithreadedTaskDispatcher with 12 workers.
[PhysX] Initialized MultithreadedTaskDispatcher with 12 workers.
[PhysX] Initialized MultithreadedTaskDispatcher with 12 workers.
[PhysX] Initialized MultithreadedTaskDispatcher with 12 workers.
[PhysX] Initialized MultithreadedTaskDispatcher with 12 workers.
[PhysX] Initialized MultithreadedTaskDispatcher with 12 workers.
[PhysX] Initialized MultithreadedTaskDispatcher with 12 workers.
[PhysX] Initialized MultithreadedTaskDispatcher with 12 workers.
[PhysX] Initialized MultithreadedTaskDispatcher with 12 workers.
[PhysX] Initialized MultithreadedTaskDispatcher with 12 workers.
[PhysX] Initialized MultithreadedTaskDispatcher with 12 workers.
[PhysX] Initialized MultithreadedTaskDispatcher with 12 workers.
[PhysX] Initialized MultithreadedTaskDispatcher with 12 workers.
[PhysX] Initialized MultithreadedTaskDispatcher with 12 workers.
[PhysX] Initialized MultithreadedTaskDispatcher with 12 workers.
[PhysX] Initialized MultithreadedTaskDispatcher with 12 workers.
[PhysX] Initialized MultithreadedTaskDispatcher with 12 workers.
[PhysX] Initialized MultithreadedTaskDispatcher with 12 workers.
[PhysX] Initialized MultithreadedTaskDispatcher with 12 workers.
[PhysX] Initialized MultithreadedTaskDispatcher with 12 workers.
[PhysX] Initialized MultithreadedTaskDispatcher with 12 workers.
[PhysX] Initialized MultithreadedTaskDispatcher with 12 workers.
[PhysX] Initialized MultithreadedTaskDispatcher with 12 workers.
[PhysX] Initialized MultithreadedTaskDispatcher with 12 workers.
[PhysX] Initialized MultithreadedTaskDispatcher with 12 workers.
[PhysX] Initialized MultithreadedTaskDispatcher with 12 workers.
[PhysX] Initialized MultithreadedTaskDispatcher with 12 workers.
[PhysX] Initialized MultithreadedTaskDispatcher with 12 workers.
[PhysX] Initialized MultithreadedTaskDispatcher with 12 workers.
[PhysX] Initialized MultithreadedTaskDispatcher with 12 workers.
[PhysX] Initialized MultithreadedTaskDispatcher with 12 workers.
[PhysX] Initialized MultithreadedTaskDispatcher with 12 workers.
[PhysX] Initialized MultithreadedTaskDispatcher with 12 workers.
[PhysX] Initialized MultithreadedTaskDispatcher with 12 workers.
[PhysX] Initialized MultithreadedTaskDispatcher with 12 workers.
[PhysX] Initialized MultithreadedTaskDispatcher with 12 workers.
[PhysX] Initialized MultithreadedTaskDispatcher with 12 workers.
[PhysX] Initialized MultithreadedTaskDispatcher with 12 workers.
[PhysX] Initialized MultithreadedTaskDispatcher with 12 workers.
[PhysX] Initialized MultithreadedTaskDispatcher with 12 workers.
[PhysX] Initialized MultithreadedTaskDispatcher with 12 workers.
[PhysX] Initialized MultithreadedTaskDispatcher with 12 workers.
[PhysX] Initialized MultithreadedTaskDispatcher with 12 workers.
[PhysX] Initialized MultithreadedTaskDispatcher with 12 workers.
[PhysX] Initialized MultithreadedTaskDispatcher with 12 workers.
[PhysX] Initialized MultithreadedTaskDispatcher with 12 workers.
[PhysX] Initialized MultithreadedTaskDispatcher with 12 workers.
[PhysX] Initialized MultithreadedTaskDispatcher with 12 workers.
 -> (artifact id: 'd498c57a50e15b191c1f9fa071323ffa') in 0.558841 seconds
Number of updated asset objects reloaded before import = 0
Number of asset objects unloaded after import = 829
========================================================================
Received Import Request.
  Time since last request: 0.000016 seconds.
  path: Assets/R.jpg
  artifactKey: Guid(71404e6edf0919d489dca16577da7907) Importer(815301076,1909f56bfc062723c751e8b465ee728b)
Start importing Assets/R.jpg using Guid(71404e6edf0919d489dca16577da7907) Importer(815301076,1909f56bfc062723c751e8b465ee728b) [PhysX] Initialized MultithreadedTaskDispatcher with 12 workers.
[PhysX] Initialized MultithreadedTaskDispatcher with 12 workers.
 -> (artifact id: '7c9285bd1aaccef349f8209ff668b697') in 0.016901 seconds
Number of updated asset objects reloaded before import = 0
Number of asset objects unloaded after import = 3
========================================================================
Received Import Request.
  Time since last request: 0.000020 seconds.
  path: Assets/mars_base.dae
  artifactKey: Guid(95cef53cba3ec254da2dba167220729a) Importer(815301076,1909f56bfc062723c751e8b465ee728b)
Start importing Assets/mars_base.dae using Guid(95cef53cba3ec254da2dba167220729a) Importer(815301076,1909f56bfc062723c751e8b465ee728b) [PhysX] Initialized MultithreadedTaskDispatcher with 12 workers.
[PhysX] Initialized MultithreadedTaskDispatcher with 12 workers.
[PhysX] Initialized MultithreadedTaskDispatcher with 12 workers.
[PhysX] Initialized MultithreadedTaskDispatcher with 12 workers.
[PhysX] Initialized MultithreadedTaskDispatcher with 12 workers.
[PhysX] Initialized MultithreadedTaskDispatcher with 12 workers.
[PhysX] Initialized MultithreadedTaskDispatcher with 12 workers.
[PhysX] Initialized MultithreadedTaskDispatcher with 12 workers.
[PhysX] Initialized MultithreadedTaskDispatcher with 12 workers.
[PhysX] Initialized MultithreadedTaskDispatcher with 12 workers.
[PhysX] Initialized MultithreadedTaskDispatcher with 12 workers.
[PhysX] Initialized MultithreadedTaskDispatcher with 12 workers.
[PhysX] Initialized MultithreadedTaskDispatcher with 12 workers.
[PhysX] Initialized MultithreadedTaskDispatcher with 12 workers.
[PhysX] Initialized MultithreadedTaskDispatcher with 12 workers.
[PhysX] Initialized MultithreadedTaskDispatcher with 12 workers.
[PhysX] Initialized MultithreadedTaskDispatcher with 12 workers.
[PhysX] Initialized MultithreadedTaskDispatcher with 12 workers.
[PhysX] Initialized MultithreadedTaskDispatcher with 12 workers.
[PhysX] Initialized MultithreadedTaskDispatcher with 12 workers.
[PhysX] Initialized MultithreadedTaskDispatcher with 12 workers.
[PhysX] Initialized MultithreadedTaskDispatcher with 12 workers.
[PhysX] Initialized MultithreadedTaskDispatcher with 12 workers.
[PhysX] Initialized MultithreadedTaskDispatcher with 12 workers.
[PhysX] Initialized MultithreadedTaskDispatcher with 12 workers.
[PhysX] Initialized MultithreadedTaskDispatcher with 12 workers.
[PhysX] Initialized MultithreadedTaskDispatcher with 12 workers.
[PhysX] Initialized MultithreadedTaskDispatcher with 12 workers.
[PhysX] Initialized MultithreadedTaskDispatcher with 12 workers.
[PhysX] Initialized MultithreadedTaskDispatcher with 12 workers.
[PhysX] Initialized MultithreadedTaskDispatcher with 12 workers.
[PhysX] Initialized MultithreadedTaskDispatcher with 12 workers.
[PhysX] Initialized MultithreadedTaskDispatcher with 12 workers.
[PhysX] Initialized MultithreadedTaskDispatcher with 12 workers.
[PhysX] Initialized MultithreadedTaskDispatcher with 12 workers.
[PhysX] Initialized MultithreadedTaskDispatcher with 12 workers.
[PhysX] Initialized MultithreadedTaskDispatcher with 12 workers.
[PhysX] Initialized MultithreadedTaskDispatcher with 12 workers.
[PhysX] Initialized MultithreadedTaskDispatcher with 12 workers.
[PhysX] Initialized MultithreadedTaskDispatcher with 12 workers.
[PhysX] Initialized MultithreadedTaskDispatcher with 12 workers.
[PhysX] Initialized MultithreadedTaskDispatcher with 12 workers.
[PhysX] Initialized MultithreadedTaskDispatcher with 12 workers.
[PhysX] Initialized MultithreadedTaskDispatcher with 12 workers.
[PhysX] Initialized MultithreadedTaskDispatcher with 12 workers.
[PhysX] Initialized MultithreadedTaskDispatcher with 12 workers.
[PhysX] Initialized MultithreadedTaskDispatcher with 12 workers.
[PhysX] Initialized MultithreadedTaskDispatcher with 12 workers.
[PhysX] Initialized MultithreadedTaskDispatcher with 12 workers.
[PhysX] Initialized MultithreadedTaskDispatcher with 12 workers.
[PhysX] Initialized MultithreadedTaskDispatcher with 12 workers.
[PhysX] Initialized MultithreadedTaskDispatcher with 12 workers.
[PhysX] Initialized MultithreadedTaskDispatcher with 12 workers.
[PhysX] Initialized MultithreadedTaskDispatcher with 12 workers.
[PhysX] Initialized MultithreadedTaskDispatcher with 12 workers.
[PhysX] Initialized MultithreadedTaskDispatcher with 12 workers.
[PhysX] Initialized MultithreadedTaskDispatcher with 12 workers.
[PhysX] Initialized MultithreadedTaskDispatcher with 12 workers.
[PhysX] Initialized MultithreadedTaskDispatcher with 12 workers.
[PhysX] Initialized MultithreadedTaskDispatcher with 12 workers.
[PhysX] Initialized MultithreadedTaskDispatcher with 12 workers.
[PhysX] Initialized MultithreadedTaskDispatcher with 12 workers.
[PhysX] Initialized MultithreadedTaskDispatcher with 12 workers.
[PhysX] Initialized MultithreadedTaskDispatcher with 12 workers.
[PhysX] Initialized MultithreadedTaskDispatcher with 12 workers.
[PhysX] Initialized MultithreadedTaskDispatcher with 12 workers.
[PhysX] Initialized MultithreadedTaskDispatcher with 12 workers.
[PhysX] Initialized MultithreadedTaskDispatcher with 12 workers.
[PhysX] Initialized MultithreadedTaskDispatcher with 12 workers.
[PhysX] Initialized MultithreadedTaskDispatcher with 12 workers.
[PhysX] Initialized MultithreadedTaskDispatcher with 12 workers.
[PhysX] Initialized MultithreadedTaskDispatcher with 12 workers.
[PhysX] Initialized MultithreadedTaskDispatcher with 12 workers.
[PhysX] Initialized MultithreadedTaskDispatcher with 12 workers.
[PhysX] Initialized MultithreadedTaskDispatcher with 12 workers.
[PhysX] Initialized MultithreadedTaskDispatcher with 12 workers.
[PhysX] Initialized MultithreadedTaskDispatcher with 12 workers.
[PhysX] Initialized MultithreadedTaskDispatcher with 12 workers.
[PhysX] Initialized MultithreadedTaskDispatcher with 12 workers.
[PhysX] Initialized MultithreadedTaskDispatcher with 12 workers.
[PhysX] Initialized MultithreadedTaskDispatcher with 12 workers.
[PhysX] Initialized MultithreadedTaskDispatcher with 12 workers.
[PhysX] Initialized MultithreadedTaskDispatcher with 12 workers.
[PhysX] Initialized MultithreadedTaskDispatcher with 12 workers.
[PhysX] Initialized MultithreadedTaskDispatcher with 12 workers.
[PhysX] Initialized MultithreadedTaskDispatcher with 12 workers.
[PhysX] Initialized MultithreadedTaskDispatcher with 12 workers.
[PhysX] Initialized MultithreadedTaskDispatcher with 12 workers.
[PhysX] Initialized MultithreadedTaskDispatcher with 12 workers.
[PhysX] Initialized MultithreadedTaskDispatcher with 12 workers.
[PhysX] Initialized MultithreadedTaskDispatcher with 12 workers.
[PhysX] Initialized MultithreadedTaskDispatcher with 12 workers.
[PhysX] Initialized MultithreadedTaskDispatcher with 12 workers.
[PhysX] Initialized MultithreadedTaskDispatcher with 12 workers.
[PhysX] Initialized MultithreadedTaskDispatcher with 12 workers.
[PhysX] Initialized MultithreadedTaskDispatcher with 12 workers.
[PhysX] Initialized MultithreadedTaskDispatcher with 12 workers.
[PhysX] Initialized MultithreadedTaskDispatcher with 12 workers.
[PhysX] Initialized MultithreadedTaskDispatcher with 12 workers.
[PhysX] Initialized MultithreadedTaskDispatcher with 12 workers.
[PhysX] Initialized MultithreadedTaskDispatcher with 12 workers.
[PhysX] Initialized MultithreadedTaskDispatcher with 12 workers.
[PhysX] Initialized MultithreadedTaskDispatcher with 12 workers.
[PhysX] Initialized MultithreadedTaskDispatcher with 12 workers.
[PhysX] Initialized MultithreadedTaskDispatcher with 12 workers.
[PhysX] Initialized MultithreadedTaskDispatcher with 12 workers.
[PhysX] Initialized MultithreadedTaskDispatcher with 12 workers.
[PhysX] Initialized MultithreadedTaskDispatcher with 12 workers.
[PhysX] Initialized MultithreadedTaskDispatcher with 12 workers.
[PhysX] Initialized MultithreadedTaskDispatcher with 12 workers.
[PhysX] Initialized MultithreadedTaskDispatcher with 12 workers.
[PhysX] Initialized MultithreadedTaskDispatcher with 12 workers.
[PhysX] Initialized MultithreadedTaskDispatcher with 12 workers.
[PhysX] Initialized MultithreadedTaskDispatcher with 12 workers.
[PhysX] Initialized MultithreadedTaskDispatcher with 12 workers.
[PhysX] Initialized MultithreadedTaskDispatcher with 12 workers.
[PhysX] Initialized MultithreadedTaskDispatcher with 12 workers.
[PhysX] Initialized MultithreadedTaskDispatcher with 12 workers.
[PhysX] Initialized MultithreadedTaskDispatcher with 12 workers.
[PhysX] Initialized MultithreadedTaskDispatcher with 12 workers.
[PhysX] Initialized MultithreadedTaskDispatcher with 12 workers.
[PhysX] Initialized MultithreadedTaskDispatcher with 12 workers.
[PhysX] Initialized MultithreadedTaskDispatcher with 12 workers.
[PhysX] Initialized MultithreadedTaskDispatcher with 12 workers.
[PhysX] Initialized MultithreadedTaskDispatcher with 12 workers.
[PhysX] Initialized MultithreadedTaskDispatcher with 12 workers.
[PhysX] Initialized MultithreadedTaskDispatcher with 12 workers.
[PhysX] Initialized MultithreadedTaskDispatcher with 12 workers.
[PhysX] Initialized MultithreadedTaskDispatcher with 12 workers.
[PhysX] Initialized MultithreadedTaskDispatcher with 12 workers.
[PhysX] Initialized MultithreadedTaskDispatcher with 12 workers.
 -> (artifact id: '630de73e95b1012460cf11e04bdf467f') in 0.447984 seconds
Number of updated asset objects reloaded before import = 0
Number of asset objects unloaded after import = 829
========================================================================
Received Import Request.
  Time since last request: 0.000020 seconds.
  path: Assets/New Material 2.mat
  artifactKey: Guid(40647d2a33f8d8b489f178d21960c3c3) Importer(815301076,1909f56bfc062723c751e8b465ee728b)
Start importing Assets/New Material 2.mat using Guid(40647d2a33f8d8b489f178d21960c3c3) Importer(815301076,1909f56bfc062723c751e8b465ee728b) [PhysX] Initialized MultithreadedTaskDispatcher with 12 workers.
[PhysX] Initialized MultithreadedTaskDispatcher with 12 workers.
 -> (artifact id: 'f5bdd0e545b3af493a7563805988b420') in 0.009253 seconds
Number of updated asset objects reloaded before import = 0
Number of asset objects unloaded after import = 2
========================================================================
Received Import Request.
  Time since last request: 0.000025 seconds.
  path: Assets/mons.dae
  artifactKey: Guid(efb080c636304ac4f9d9b9939ed30b3d) Importer(815301076,1909f56bfc062723c751e8b465ee728b)
Start importing Assets/mons.dae using Guid(efb080c636304ac4f9d9b9939ed30b3d) Importer(815301076,1909f56bfc062723c751e8b465ee728b) [PhysX] Initialized MultithreadedTaskDispatcher with 12 workers.
[PhysX] Initialized MultithreadedTaskDispatcher with 12 workers.
[PhysX] Initialized MultithreadedTaskDispatcher with 12 workers.
[PhysX] Initialized MultithreadedTaskDispatcher with 12 workers.
[PhysX] Initialized MultithreadedTaskDispatcher with 12 workers.
[PhysX] Initialized MultithreadedTaskDispatcher with 12 workers.
[PhysX] Initialized MultithreadedTaskDispatcher with 12 workers.
 -> (artifact id: '5e5777b173ef5c9174d4cf9135eeb6ee') in 0.042888 seconds
Number of updated asset objects reloaded before import = 0
Number of asset objects unloaded after import = 23
========================================================================
Received Import Request.
  Time since last request: 0.000018 seconds.
  path: Assets/mars-north-pole-the-esa.png
  artifactKey: Guid(8522591f45148ae4695c370cb8446424) Importer(815301076,1909f56bfc062723c751e8b465ee728b)
Start importing Assets/mars-north-pole-the-esa.png using Guid(8522591f45148ae4695c370cb8446424) Importer(815301076,1909f56bfc062723c751e8b465ee728b) [PhysX] Initialized MultithreadedTaskDispatcher with 12 workers.
[PhysX] Initialized MultithreadedTaskDispatcher with 12 workers.
 -> (artifact id: '13b3922661fbd5672f51d92927154e30') in 0.006815 seconds
Number of updated asset objects reloaded before import = 0
Number of asset objects unloaded after import = 2
========================================================================
Received Import Request.
  Time since last request: 0.000016 seconds.
  path: Assets/material1.jpg
  artifactKey: Guid(49f4f8a6daf2b9b4182ad73c6235a65f) Importer(815301076,1909f56bfc062723c751e8b465ee728b)
Start importing Assets/material1.jpg using Guid(49f4f8a6daf2b9b4182ad73c6235a65f) Importer(815301076,1909f56bfc062723c751e8b465ee728b) [PhysX] Initialized MultithreadedTaskDispatcher with 12 workers.
[PhysX] Initialized MultithreadedTaskDispatcher with 12 workers.
 -> (artifact id: '119b7d3a2edd4d6df3331702c5a47c65') in 0.010805 seconds
Number of updated asset objects reloaded before import = 0
Number of asset objects unloaded after import = 2
========================================================================
Received Import Request.
  Time since last request: 0.000015 seconds.
  path: Assets/New Material 1.mat
  artifactKey: Guid(774e9553817079048acb4d2f728210f0) Importer(815301076,1909f56bfc062723c751e8b465ee728b)
Start importing Assets/New Material 1.mat using Guid(774e9553817079048acb4d2f728210f0) Importer(815301076,1909f56bfc062723c751e8b465ee728b) [PhysX] Initialized MultithreadedTaskDispatcher with 12 workers.
[PhysX] Initialized MultithreadedTaskDispatcher with 12 workers.
 -> (artifact id: 'a6e4a9173a55d90288645b7e5f907332') in 0.010765 seconds
Number of updated asset objects reloaded before import = 0
Number of asset objects unloaded after import = 2
========================================================================
Received Import Request.
  Time since last request: 0.000016 seconds.
  path: Assets/R (1).png
  artifactKey: Guid(c88c4445c32dea24a8fb762b8e62ca71) Importer(815301076,1909f56bfc062723c751e8b465ee728b)
Start importing Assets/R (1).png using Guid(c88c4445c32dea24a8fb762b8e62ca71) Importer(815301076,1909f56bfc062723c751e8b465ee728b) [PhysX] Initialized MultithreadedTaskDispatcher with 12 workers.
[PhysX] Initialized MultithreadedTaskDispatcher with 12 workers.
 -> (artifact id: 'a310cee7ce8bddfc4c2288fac1c49b55') in 0.010585 seconds
Number of updated asset objects reloaded before import = 0
Number of asset objects unloaded after import = 2
========================================================================
Received Import Request.
  Time since last request: 0.000016 seconds.
  path: Assets/models text.png
  artifactKey: Guid(df25fed1fbf1d81488eee51f1f2addba) Importer(815301076,1909f56bfc062723c751e8b465ee728b)
Start importing Assets/models text.png using Guid(df25fed1fbf1d81488eee51f1f2addba) Importer(815301076,1909f56bfc062723c751e8b465ee728b) [PhysX] Initialized MultithreadedTaskDispatcher with 12 workers.
[PhysX] Initialized MultithreadedTaskDispatcher with 12 workers.
 -> (artifact id: 'df97347fda971abf6a74a661fa81293e') in 0.010143 seconds
Number of updated asset objects reloaded before import = 0
Number of asset objects unloaded after import = 2
Editor requested this worker to shutdown with reason: Scaling down because of idle timeout
TcpMessagingSession - receive error: operation aborted. errorcode: 995, details: The I/O operation has been aborted because of either a thread exit or an application request.
AssetImportWorker is now disconnected from the server
Process exiting
Exiting without the bug reporter. Application will terminate with return code 0